<?xml version='1.0' encoding='utf-8'?>
<!-- xml comments -->
<Server port="4323" shutdown="GOAWAY">
<!-- Here are some comments -->
	<Listener className="org.apache.catalina.core.JasperListener" />
	<Listener className="org.apache.catalina.mbeans.ServerLifecycleListener" />
	<Listener className="org.apache.catalina.mbeans.GlobalResourcesLifecycleListener" />
	<Listener
		className="com.springsource.tcserver.serviceability.ServiceabilityLifecycleListener"
		deadlockCheckInterval="60" dumpDir="${catalina.base}/logs"
		stackTraceDepth="120" />
	<GlobalNamingResources>
		<Resource name="UserDatabase" auth="Container"
			type="org.apache.catalina.UserDatabase" description="User database that can be updated and saved"
			factory="org.apache.catalina.users.MemoryUserDatabaseFactory"
			pathname="conf/tomcat-users.xml" />
		<Resource name="jdbc/TestDB" auth="Container" type="javax.sql.DataSource"
			username="root" password="" driverClassName="com.mysql.jdbc.Driver"
			url="jdbc:mysql://localhost/booking" testWhileIdle="true"
			testOnBorrow="true" testOnReturn="false" validationQuery="SELECT 1"
			validationInterval="30000" timeBetweenEvictionRunsMillis="5000"
			maxActive="100" minIdle="10" maxWait="10000" initialSize="10"
			removeAbandonedTimeout="60" removeAbandoned="true" logAbandoned="true"
			minEvictableIdleTimeMillis="30000" jmxEnabled="true"
			jdbcInterceptors="ConnectionState;StatementFinalizer;SlowQueryReportJmx(threshold=10000)" />
		<Resource name="jdbc/DBCPDB" auth="Container" type="javax.sql.DataSource"
			username="root" password="" driverClassName="com.mysql.jdbc.Driver"
			url="jdbc:mysql://localhost/booking" testWhileIdle="true"
			testOnBorrow="true" testOnReturn="false" validationQuery="SELECT 1"
			validationInterval="30000" timeBetweenEvictionRunsMillis="5000"
			maxActive="100" minIdle="10" maxWait="10000" initialSize="10"
			removeAbandonedTimeout="60" removeAbandoned="true" logAbandoned="true"
			minEvictableIdleTimeMillis="30000"
			factory="org.apache.tomcat.dbcp.dbcp.BasicDataSourceFactory" />
	</GlobalNamingResources>
	<Service name="Catalina">
		<Executor name="tomcatThreadPool" namePrefix="tomcat-http--"
			maxThreads="300" minSpareThreads="50" />
		<Connector executor="tomcatThreadPool" port="8080" protocol="HTTP/1.1"
			connectionTimeout="20000" redirectPort="8443" acceptCount="100"
			maxKeepAliveRequests="15" />
		<Engine name="Catalina" defaultHost="localhost">
<!-- Here are some more comments -->
			<Realm className="org.apache.catalina.realm.UserDatabaseRealm"
				resourceName="UserDatabase" />
			<Host name="localhost" appBase="webapps" unpackWARs="true"
				autoDeploy="true" deployOnStartup="true" deployXML="true"
				xmlValidation="false" xmlNamespaceAware="false">
			</Host>
		</Engine>
	</Service>
</Server>